#
# There is insufficient memory for the Java Runtime Environment to continue.
# Native memory allocation (malloc) failed to allocate 357616 bytes for Chunk::new
# Possible reasons:
#   The system is out of physical RAM or swap space
#   In 32 bit mode, the process size limit was hit
# Possible solutions:
#   Reduce memory load on the system
#   Increase physical memory or swap space
#   Check if swap backing store is full
#   Use 64 bit Java on a 64 bit OS
#   Decrease Java heap size (-Xmx/-Xms)
#   Decrease number of Java threads
#   Decrease Java thread stack sizes (-Xss)
#   Set larger code cache with -XX:ReservedCodeCacheSize=
# This output file may be truncated or incomplete.
#
#  Out of Memory Error (allocation.cpp:323), pid=2560, tid=9584
#
# JRE version: Java(TM) SE Runtime Environment (7.0_79-b15) (build 1.7.0_79-b15)
# Java VM: Java HotSpot(TM) 64-Bit Server VM (24.79-b02 mixed mode windows-amd64 compressed oops)
# Failed to write core dump. Minidumps are not enabled by default on client versions of Windows
#

---------------  T H R E A D  ---------------

Current thread (0x000000000863d000):  JavaThread "C2 CompilerThread1" daemon [_thread_in_native, id=9584, stack(0x0000000009ce0000,0x0000000009de0000)]

Stack: [0x0000000009ce0000,0x0000000009de0000]
[error occurred during error reporting (printing stack bounds), id 0xc0000005]


[error occurred during error reporting (printing native stack), id 0xc0000005]


Current CompileTask:
C2:   2078  179             com.android.dx.ssa.Dominators::run (506 bytes)


---------------  P R O C E S S  ---------------

Java Threads: ( => current thread )
  0x000000000a196000 JavaThread "pool-2-thread-4" [_thread_in_Java, id=11944, stack(0x000000000aa90000,0x000000000ab90000)]
  0x000000000a22a800 JavaThread "pool-3-thread-1" [_thread_blocked, id=6200, stack(0x0000000009e00000,0x0000000009f00000)]
  0x000000000a1e3800 JavaThread "pool-2-thread-1" [_thread_in_vm_trans, id=8236, stack(0x000000000a630000,0x000000000a730000)]
  0x000000000863e000 JavaThread "Service Thread" daemon [_thread_blocked, id=6540, stack(0x0000000009f70000,0x000000000a070000)]
=>0x000000000863d000 JavaThread "C2 CompilerThread1" daemon [_thread_in_native, id=9584, stack(0x0000000009ce0000,0x0000000009de0000)]
  0x000000000863a800 JavaThread "C2 CompilerThread0" daemon [_thread_in_native, id=7232, stack(0x0000000009be0000,0x0000000009ce0000)]
  0x0000000008639000 JavaThread "Attach Listener" daemon [_thread_blocked, id=320, stack(0x0000000009ad0000,0x0000000009bd0000)]
  0x0000000008638000 JavaThread "Signal Dispatcher" daemon [_thread_blocked, id=4736, stack(0x0000000009450000,0x0000000009550000)]
  0x00000000085bf000 JavaThread "Finalizer" daemon [_thread_blocked, id=7952, stack(0x00000000098e0000,0x00000000099e0000)]
  0x00000000085bd800 JavaThread "Reference Handler" daemon [_thread_blocked, id=9008, stack(0x00000000096a0000,0x00000000097a0000)]
  0x000000000222e000 JavaThread "main" [_thread_blocked, id=5464, stack(0x0000000002460000,0x0000000002560000)]

Other Threads:
  0x00000000085ba000 VMThread [stack: 0x0000000009560000,0x0000000009660000] [id=4876]
  0x000000000a070800 WatcherThread [stack: 0x000000000a500000,0x000000000a600000] [id=7660]

VM state:not at safepoint (normal execution)

VM Mutex/Monitor currently owned by a thread: None

Heap
 PSYoungGen      total 38400K, used 8418K [0x00000000eaa80000, 0x00000000ed500000, 0x0000000100000000)
  eden space 33280K, 9% used [0x00000000eaa80000,0x00000000eadb9178,0x00000000ecb00000)
  from space 5120K, 99% used [0x00000000ecb00000,0x00000000ecfff870,0x00000000ed000000)
  to   space 5120K, 0% used [0x00000000ed000000,0x00000000ed000000,0x00000000ed500000)
 ParOldGen       total 86016K, used 1624K [0x00000000c0000000, 0x00000000c5400000, 0x00000000eaa80000)
  object space 86016K, 1% used [0x00000000c0000000,0x00000000c01960b8,0x00000000c5400000)
 PSPermGen       total 21504K, used 5914K [0x00000000bae00000, 0x00000000bc300000, 0x00000000c0000000)
  object space 21504K, 27% used [0x00000000bae00000,0x00000000bb3c6ba8,0x00000000bc300000)

Card table byte_map: [0x0000000005560000,0x0000000005790000] byte_map_base: 0x0000000004f89000

Polling page: 0x0000000000110000

Code Cache  [0x0000000002560000, 0x00000000027d0000, 0x0000000005560000)
 total_blobs=447 nmethods=208 adapters=191 free_code_cache=48345Kb largest_free_block=49477568

Compilation events (10 events):
Event: 1.900 Thread 0x000000000863a800 nmethod 204 0x000000000262d390 code [0x000000000262d660, 0x000000000262ec90]
Event: 1.900 Thread 0x000000000863a800  205             com.android.dx.util.IntList::indexOf (16 bytes)
Event: 1.901 Thread 0x000000000863a800 nmethod 205 0x0000000002623910 code [0x0000000002623a60, 0x0000000002623c18]
Event: 1.901 Thread 0x000000000863a800  206             java.util.ArrayList$SubList::checkForComodification (23 bytes)
Event: 1.902 Thread 0x000000000863a800 nmethod 206 0x0000000002623690 code [0x00000000026237c0, 0x0000000002623838]
Event: 1.902 Thread 0x000000000863a800  207             com.android.dx.rop.code.RegisterSpecSet::size (49 bytes)
Event: 1.903 Thread 0x000000000863a800 nmethod 207 0x00000000026219d0 code [0x0000000002621b00, 0x0000000002621c58]
Event: 1.903 Thread 0x000000000863a800  208             com.android.dx.ssa.SsaRenamer::access$000 (5 bytes)
Event: 1.903 Thread 0x000000000863a800 nmethod 208 0x000000000262d190 code [0x000000000262d2c0, 0x000000000262d318]
Event: 1.903 Thread 0x000000000863a800  209             com.android.dx.ssa.SCCP::run (298 bytes)

GC Heap History (2 events):
Event: 1.913 GC heap before
{Heap before GC invocations=1 (full 0):
 PSYoungGen      total 38400K, used 33280K [0x00000000eaa80000, 0x00000000ed500000, 0x0000000100000000)
  eden space 33280K, 100% used [0x00000000eaa80000,0x00000000ecb00000,0x00000000ecb00000)
  from space 5120K, 0% used [0x00000000ed000000,0x00000000ed000000,0x00000000ed500000)
  to   space 5120K, 0% used [0x00000000ecb00000,0x00000000ecb00000,0x00000000ed000000)
 ParOldGen       total 86016K, used 0K [0x00000000c0000000, 0x00000000c5400000, 0x00000000eaa80000)
  object space 86016K, 0% used [0x00000000c0000000,0x00000000c0000000,0x00000000c5400000)
 PSPermGen       total 21504K, used 5903K [0x00000000bae00000, 0x00000000bc300000, 0x00000000c0000000)
  object space 21504K, 27% used [0x00000000bae00000,0x00000000bb3c3ea8,0x00000000bc300000)
Event: 2.028 GC heap after
Heap after GC invocations=1 (full 0):
 PSYoungGen      total 38400K, used 5118K [0x00000000eaa80000, 0x00000000ed500000, 0x0000000100000000)
  eden space 33280K, 0% used [0x00000000eaa80000,0x00000000eaa80000,0x00000000ecb00000)
  from space 5120K, 99% used [0x00000000ecb00000,0x00000000ecfff870,0x00000000ed000000)
  to   space 5120K, 0% used [0x00000000ed000000,0x00000000ed000000,0x00000000ed500000)
 ParOldGen       total 86016K, used 1624K [0x00000000c0000000, 0x00000000c5400000, 0x00000000eaa80000)
  object space 86016K, 1% used [0x00000000c0000000,0x00000000c01960b8,0x00000000c5400000)
 PSPermGen       total 21504K, used 5903K [0x00000000bae00000, 0x00000000bc300000, 0x00000000c0000000)
  object space 21504K, 27% used [0x00000000bae00000,0x00000000bb3c3ea8,0x00000000bc300000)
}

Deoptimization events (2 events):
Event: 1.699 Thread 0x000000000a1bf000 Uncommon trap: reason=null_check action=make_not_entrant pc=0x00000000025e6f94 method=com.android.dx.rop.type.Type.equals(Ljava/lang/Object;)Z @ 8
Event: 1.837 Thread 0x000000000a196000 Uncommon trap: reason=unreached action=reinterpret pc=0x0000000002615bcc method=com.android.dx.ssa.SsaRenamer$BlockRenamer.process()V @ 90

Internal exceptions (10 events):
Event: 1.523 Thread 0x000000000a196000 Threw 0x00000000eb5ca810 at C:\re\jdk7u79\2331\hotspot\src\share\vm\prims\jvm.cpp:1304
Event: 1.523 Thread 0x000000000a196000 Threw 0x00000000eb5cf990 at C:\re\jdk7u79\2331\hotspot\src\share\vm\prims\jvm.cpp:1304
Event: 1.523 Thread 0x000000000a1bf000 Threw 0x00000000eb4edfb8 at C:\re\jdk7u79\2331\hotspot\src\share\vm\prims\jvm.cpp:1304
Event: 1.529 Thread 0x000000000a1bf000 Threw 0x00000000eb69ecc8 at C:\re\jdk7u79\2331\hotspot\src\share\vm\prims\jvm.cpp:1304
Event: 1.540 Thread 0x000000000a196000 Threw 0x00000000eb634e20 at C:\re\jdk7u79\2331\hotspot\src\share\vm\prims\jvm.cpp:1304
Event: 1.566 Thread 0x000000000a1bf000 Threw 0x00000000eb844470 at C:\re\jdk7u79\2331\hotspot\src\share\vm\prims\jvm.cpp:1304
Event: 1.629 Thread 0x000000000a22c800 Threw 0x00000000eb0e0a28 at C:\re\jdk7u79\2331\hotspot\src\share\vm\prims\jvm.cpp:1304
Event: 1.629 Thread 0x000000000a22c800 Threw 0x00000000eb0e6258 at C:\re\jdk7u79\2331\hotspot\src\share\vm\prims\jvm.cpp:1304
Event: 1.630 Thread 0x000000000a22c800 Threw 0x00000000eb0eb820 at C:\re\jdk7u79\2331\hotspot\src\share\vm\prims\jvm.cpp:1304
Event: 1.699 Thread 0x000000000a1bf000 Implicit null exception at 0x00000000025e6e92 to 0x00000000025e6f85

Events (10 events):
Event: 1.728 loading class 0x000000000218bc10 done
Event: 1.728 Executing VM operation: Deoptimize
Event: 1.731 Executing VM operation: Deoptimize done
Event: 1.800 Thread 0x000000000a22c800 Thread exited: 0x000000000a22c800
Event: 1.802 Thread 0x000000000a1bf000 Thread exited: 0x000000000a1bf000
Event: 1.837 Thread 0x000000000a196000 Uncommon trap: trap_request=0xffffffad fr.pc=0x0000000002615bcc
Event: 1.837 Thread 0x000000000a196000 DEOPT PACKING pc=0x0000000002615bcc sp=0x000000000ab8eb80
Event: 1.837 Thread 0x000000000a196000 DEOPT UNPACKING pc=0x00000000025975a4 sp=0x000000000ab8eb68 mode 2
Event: 1.904 Executing VM operation: ParallelGCFailedAllocation
Event: 2.028 Executing VM operation: ParallelGCFailedAllocation done


Dynamic libraries:
0x000000013f260000 - 0x000000013f293000 	C:\Program Files\Java\jdk1.7.0_79\bin\java.exe
0x00000000770d0000 - 0x000000007727a000 	C:\windows\SYSTEM32\ntdll.dll
0x0000000076eb0000 - 0x0000000076fcf000 	C:\windows\system32\kernel32.dll
0x000007fefd270000 - 0x000007fefd2db000 	C:\windows\system32\KERNELBASE.dll
0x000007fefd690000 - 0x000007fefd76b000 	C:\windows\system32\ADVAPI32.dll
0x000007fefd5f0000 - 0x000007fefd68f000 	C:\windows\system32\msvcrt.dll
0x000007feff290000 - 0x000007feff2af000 	C:\windows\SYSTEM32\sechost.dll
0x000007fefecf0000 - 0x000007fefee1d000 	C:\windows\system32\RPCRT4.dll
0x0000000076fd0000 - 0x00000000770ca000 	C:\windows\system32\USER32.dll
0x000007fefea40000 - 0x000007fefeaa7000 	C:\windows\system32\GDI32.dll
0x000007feff2b0000 - 0x000007feff2be000 	C:\windows\system32\LPK.dll
0x000007fefe690000 - 0x000007fefe75a000 	C:\windows\system32\USP10.dll
0x000007fefba70000 - 0x000007fefbc64000 	C:\windows\WinSxS\amd64_microsoft.windows.common-controls_6595b64144ccf1df_6.0.7601.18837_none_fa3b1e3d17594757\COMCTL32.dll
0x000007fefe9c0000 - 0x000007fefea31000 	C:\windows\system32\SHLWAPI.dll
0x000007fefeab0000 - 0x000007fefeade000 	C:\windows\system32\IMM32.DLL
0x000007fefeae0000 - 0x000007fefebe9000 	C:\windows\system32\MSCTF.dll
0x0000000064130000 - 0x0000000064202000 	C:\Program Files\Java\jdk1.7.0_79\jre\bin\msvcr100.dll
0x000000006e7d0000 - 0x000000006efa5000 	C:\Program Files\Java\jdk1.7.0_79\jre\bin\server\jvm.dll
0x000007fef9e60000 - 0x000007fef9e69000 	C:\windows\system32\WSOCK32.dll
0x000007fefec90000 - 0x000007fefecdd000 	C:\windows\system32\WS2_32.dll
0x000007fefece0000 - 0x000007fefece8000 	C:\windows\system32\NSI.dll
0x000007fefa520000 - 0x000007fefa55b000 	C:\windows\system32\WINMM.dll
0x0000000077290000 - 0x0000000077297000 	C:\windows\system32\PSAPI.DLL
0x0000000070770000 - 0x000000007077f000 	C:\Program Files\Java\jdk1.7.0_79\jre\bin\verify.dll
0x0000000068ad0000 - 0x0000000068af8000 	C:\Program Files\Java\jdk1.7.0_79\jre\bin\java.dll
0x000000006c9a0000 - 0x000000006c9b5000 	C:\Program Files\Java\jdk1.7.0_79\jre\bin\zip.dll
0x0000000064a80000 - 0x0000000064a9a000 	C:\Program Files\Java\jdk1.7.0_79\jre\bin\net.dll
0x000007fefc830000 - 0x000007fefc885000 	C:\windows\system32\mswsock.dll
0x000007fefca60000 - 0x000007fefca67000 	C:\windows\System32\wship6.dll
0x00000000646d0000 - 0x00000000646e1000 	C:\Program Files\Java\jdk1.7.0_79\jre\bin\nio.dll

VM Arguments:
jvm_args: -Djava.awt.headless=true -Xmx1024M -Dfile.encoding=GBK -Duser.country=CN -Duser.language=zh -Duser.variant 
java_command: com.android.dx.command.Main --dex --force-jumbo --num-threads=4 --multi-dex --output C:\Users\admin\Desktop\bysj\jg\app\build\intermediates\transforms\dex\debug\folders\1000\10\com.android.support-support-vector-drawable-23.3.0_52a909a956f37c3b79590488347ce6b8f9b09acd C:\Users\admin\Desktop\bysj\jg\app\build\intermediates\exploded-aar\com.android.support\support-vector-drawable\23.3.0\jars\classes.jar
Launcher Type: SUN_STANDARD

Environment Variables:
JAVA_HOME=C:\Program Files\Java\jdk1.7.0_79
PATH=C:\windows\system32;C:\windows;C:\windows\System32\Wbem;C:\windows\System32\WindowsPowerShell\v1.0\;C:\Program Files (x86)\Common Files\microsoft shared\TigerKin;C:\Program Files\TortoiseGit\bin;C:\Program Files\Java\jdk1.7.0_79\bin;D:\tool\apache-maven-3.3.9-bin\apache-maven-3.3.9\bin;
USERNAME=admin
OS=Windows_NT
PROCESSOR_IDENTIFIER=Intel64 Family 6 Model 60 Stepping 3, GenuineIntel



---------------  S Y S T E M  ---------------

OS: Windows 7 , 64 bit Build 7601 Service Pack 1

CPU:total 4 (4 cores per cpu, 1 threads per core) family 6 model 60 stepping 3, cmov, cx8, fxsr, mmx, sse, sse2, sse3, ssse3, sse4.1, sse4.2, popcnt, avx, avx2, aes, erms, tsc, tscinvbit

Memory: 4k page, physical 8286584k(538960k free), swap 10381900k(5280k free)

vm_info: Java HotSpot(TM) 64-Bit Server VM (24.79-b02) for windows-amd64 JRE (1.7.0_79-b15), built on Apr 10 2015 12:36:16 by "java_re" with unknown MS VC++:1600

time: Wed Apr 27 19:40:11 2016
elapsed time: 2 seconds

